0 info it worked if it ends with ok
1 verbose cli [ '/home/bruce/.nvm/v0.10.38/bin/node',
1 verbose cli   '/home/bruce/.nvm/v0.10.38/bin/npm',
1 verbose cli   'run',
1 verbose cli   'build' ]
2 info using npm@1.4.28
3 info using node@v0.10.38
4 verbose run-script [ 'prebuild', 'build', 'postbuild' ]
5 info prebuild matchone@0.0.1
6 verbose unsafe-perm in lifecycle true
7 info build matchone@0.0.1
8 verbose unsafe-perm in lifecycle true
9 info matchone@0.0.1 Failed to exec build script
10 error matchone@0.0.1 build: `cp -f web/index_build.html build/web/index.html && cp -fr web/res build/web && cat web/src/stats.js/stats.min.js LF web/src/pixi.js/pixi.min.js LF web/src/tween.ts/tween.min.js LF web/src/entitas/entitas.min.js LF web/src/entitas/bosco.js LF web/src/matchone/extensions/Pool.js LF web/src/matchone/generatedComponents.js LF web/src/matchone/generatedExtensions.js LF web/src/matchone/systems/AddViewSystem.js LF web/src/matchone/systems/CreateGameBoardCacheSystem.js LF web/src/matchone/systems/DestroySystem.js LF web/src/matchone/systems/FallSystem.js LF web/src/matchone/systems/FillSystem.js LF web/src/matchone/systems/GameBoardSystem.js LF web/src/matchone/systems/ProcessInputSystem.js LF web/src/matchone/systems/RemoveViewSystem.js LF web/src/matchone/systems/RenderPositionSystem.js LF web/src/matchone/systems/ScoreSystem.js LF web/src/matchone/systems/AddViewSystem.js LF web/src/matchone/systems/RemoveViewSystem.js LF web/src/matchone/controllers/GameController.js LF web/src/matchone/controllers/InputController.js LF web/src/matchone/controllers/ScoreLabelController.js LF web/main.js > build/matchone.js  && cat web/src/stats.js/stats.min.js LF web/src/pixi.js/pixi.min.js LF web/src/tween.ts/tween.min.js LF web/src/entitas/entitas.min.js LF web/src/entitas/bosco.js LF web/src/matchone/extensions/Pool.js LF web/src/matchone/generatedComponents.js LF web/src/matchone/generatedExtensions.js LF web/src/matchone/systems/AddViewSystem.js LF web/src/matchone/systems/CreateGameBoardCacheSystem.js LF web/src/matchone/systems/DestroySystem.js LF web/src/matchone/systems/FallSystem.js LF web/src/matchone/systems/FillSystem.js LF web/src/matchone/systems/GameBoardSystem.js LF web/src/matchone/systems/ProcessInputSystem.js LF web/src/matchone/systems/RemoveViewSystem.js LF web/src/matchone/systems/RenderPositionSystem.js LF web/src/matchone/systems/ScoreSystem.js LF web/src/matchone/systems/AddViewSystem.js LF web/src/matchone/systems/RemoveViewSystem.js LF web/src/matchone/controllers/GameController.js LF web/src/matchone/controllers/InputController.js LF web/src/matchone/controllers/ScoreLabelController.js LF web/main.js | java -jar packages/closure-compiler/lib/vendor/compiler.jar --compilation_level WHITESPACE_ONLY --js_output_file build/matchone.min.js`
10 error Exit status 1
11 error Failed at the matchone@0.0.1 build script.
11 error This is most likely a problem with the matchone package,
11 error not with npm itself.
11 error Tell the author that this fails on your system:
11 error     cp -f web/index_build.html build/web/index.html && cp -fr web/res build/web && cat web/src/stats.js/stats.min.js LF web/src/pixi.js/pixi.min.js LF web/src/tween.ts/tween.min.js LF web/src/entitas/entitas.min.js LF web/src/entitas/bosco.js LF web/src/matchone/extensions/Pool.js LF web/src/matchone/generatedComponents.js LF web/src/matchone/generatedExtensions.js LF web/src/matchone/systems/AddViewSystem.js LF web/src/matchone/systems/CreateGameBoardCacheSystem.js LF web/src/matchone/systems/DestroySystem.js LF web/src/matchone/systems/FallSystem.js LF web/src/matchone/systems/FillSystem.js LF web/src/matchone/systems/GameBoardSystem.js LF web/src/matchone/systems/ProcessInputSystem.js LF web/src/matchone/systems/RemoveViewSystem.js LF web/src/matchone/systems/RenderPositionSystem.js LF web/src/matchone/systems/ScoreSystem.js LF web/src/matchone/systems/AddViewSystem.js LF web/src/matchone/systems/RemoveViewSystem.js LF web/src/matchone/controllers/GameController.js LF web/src/matchone/controllers/InputController.js LF web/src/matchone/controllers/ScoreLabelController.js LF web/main.js > build/matchone.js  && cat web/src/stats.js/stats.min.js LF web/src/pixi.js/pixi.min.js LF web/src/tween.ts/tween.min.js LF web/src/entitas/entitas.min.js LF web/src/entitas/bosco.js LF web/src/matchone/extensions/Pool.js LF web/src/matchone/generatedComponents.js LF web/src/matchone/generatedExtensions.js LF web/src/matchone/systems/AddViewSystem.js LF web/src/matchone/systems/CreateGameBoardCacheSystem.js LF web/src/matchone/systems/DestroySystem.js LF web/src/matchone/systems/FallSystem.js LF web/src/matchone/systems/FillSystem.js LF web/src/matchone/systems/GameBoardSystem.js LF web/src/matchone/systems/ProcessInputSystem.js LF web/src/matchone/systems/RemoveViewSystem.js LF web/src/matchone/systems/RenderPositionSystem.js LF web/src/matchone/systems/ScoreSystem.js LF web/src/matchone/systems/AddViewSystem.js LF web/src/matchone/systems/RemoveViewSystem.js LF web/src/matchone/controllers/GameController.js LF web/src/matchone/controllers/InputController.js LF web/src/matchone/controllers/ScoreLabelController.js LF web/main.js | java -jar packages/closure-compiler/lib/vendor/compiler.jar --compilation_level WHITESPACE_ONLY --js_output_file build/matchone.min.js
11 error You can get their info via:
11 error     npm owner ls matchone
11 error There is likely additional logging output above.
12 error System Linux 3.13.0-24-generic
13 error command "/home/bruce/.nvm/v0.10.38/bin/node" "/home/bruce/.nvm/v0.10.38/bin/npm" "run" "build"
14 error cwd /home/bruce/Git/entitas-ts-match-one
15 error node -v v0.10.38
16 error npm -v 1.4.28
17 error code ELIFECYCLE
18 verbose exit [ 1, true ]
